23:47:58 **** Incremental Build of configuration Debug for project bldc_driver_controller_runj ****
make -j16 all 
arm-none-eabi-size  bldc_driver_controller_runj.elf 
   text	   data	    bss	    dec	    hex	filename
  51428	    296	   3584	  55308	   d80c	bldc_driver_controller_runj.elf
Finished building: default.size.stdout
 
23:48:01 **** Incremental Build of configuration Debug for project bldc_driver_controller_runj ****
make -j16 all 
arm-none-eabi-size  bldc_driver_controller_runj.elf 
   text	   data	    bss	    dec	    hex	filename
  51428	    296	   3584	  55308	   d80c	bldc_driver_controller_runj.elf
Finished building: default.size.stdout
 
23:48:52 **** Incremental Build of configuration Debug for project bldc_driver_controller_runj ****
make -j16 all 
arm-none-eabi-size  bldc_driver_controller_runj.elf 
   text	   data	    bss	    dec	    hex	filename
  51428	    296	   3584	  55308	   d80c	bldc_driver_controller_runj.elf
Finished building: default.size.stdout
 
10:38:53 **** Incremental Build of configuration Debug for project bldc_driver_controller_runj ****
make -j16 all 
arm-none-eabi-size  bldc_driver_controller_runj.elf 
   text	   data	    bss	    dec	    hex	filename
  51428	    296	   3584	  55308	   d80c	bldc_driver_controller_runj.elf
Finished building: default.size.stdout
 
